Change Component Designator: Old Designator=C? New Designator=C1
Change Component Designator: Old Designator=C? New Designator=C2
Change Component Designator: Old Designator=C? New Designator=C3
Change Component Designator: Old Designator=C? New Designator=C4
Change Component Designator: Old Designator=C? New Designator=C5
Change Component Designator: Old Designator=G? New Designator=G1
Change Component Designator: Old Designator=G? New Designator=G2
Change Component Designator: Old Designator=G? New Designator=G3
Change Component Designator: Old Designator=G? New Designator=G4
Change Component Designator: Old Designator=G? New Designator=G5
Change Component Designator: Old Designator=G? New Designator=G6
Change Component Designator: Old Designator=G? New Designator=G7
Change Component Designator: Old Designator=G? New Designator=G8
Change Component Designator: Old Designator=G? New Designator=G9
Change Component Designator: Old Designator=G? New Designator=G10
Change Component Designator: Old Designator=G? New Designator=G11
Change Component Designator: Old Designator=G? New Designator=G12
Change Component Designator: Old Designator=G? New Designator=G13
Change Component Designator: Old Designator=JP? New Designator=JP1
Change Component Designator: Old Designator=Q? New Designator=Q1
Change Component Designator: Old Designator=Q? New Designator=Q2
Change Component Designator: Old Designator=R? New Designator=R3
Change Component Designator: Old Designator=R? New Designator=R4
Change Component Designator: Old Designator=R? New Designator=R5
Change Component Designator: Old Designator=R? New Designator=R8
Change Component Designator: Old Designator=R? New Designator=R9
Change Component Designator: Old Designator=R? New Designator=R10
Change Component Designator: Old Designator=R? New Designator=R11
Change Component Designator: Old Designator=R? New Designator=R12
Change Component Designator: Old Designator=R? New Designator=R13
Change Component Designator: Old Designator=R? New Designator=R14
Change Component Designator: Old Designator=R? New Designator=R15
Change Component Designator: Old Designator=R? New Designator=R16
Change Component Designator: Old Designator=U? New Designator=U1
Change Component Designator: Old Designator=U? New Designator=U2
Change Component Designator: Old Designator=USBC? New Designator=USBC1
