Added Component: Designator=U4(VQFN-20)
Added Component: Designator=U6(DFN3x3-10)
Added Pin To Net: NetName=NetC21_2 Pin=U4-1
Added Pin To Net: NetName=TPS_EN Pin=U4-2
Added Pin To Net: NetName=NetR26_2 Pin=U4-3
Added Pin To Net: NetName=NetC13_1 Pin=U4-4
Added Pin To Net: NetName=NetC13_1 Pin=U4-5
Added Pin To Net: NetName=NetC13_1 Pin=U4-6
Added Pin To Net: NetName=NetC13_1 Pin=U4-7
Added Pin To Net: NetName=NetC13_2 Pin=U4-8
Added Pin To Net: NetName=VCC_SYS Pin=U4-9
Added Pin To Net: NetName=NetC20_2 Pin=U4-10
Added Pin To Net: NetName=NetR29_2 Pin=U4-13
Added Pin To Net: NetName=VCC_5V Pin=U4-14
Added Pin To Net: NetName=VCC_5V Pin=U4-15
Added Pin To Net: NetName=VCC_5V Pin=U4-16
Added Pin To Net: NetName=TPS_FB Pin=U4-17
Added Pin To Net: NetName=TPS_COMP Pin=U4-18
Added Pin To Net: NetName=NetRILIM_1 Pin=U4-19
Added Pin To Net: NetName=GND Pin=U4-20
Added Pin To Net: NetName=GND Pin=U4-21
Added Pin To Net: NetName=VCC_5V Pin=U6-1
Added Pin To Net: NetName=VCC_5V Pin=U6-2
Added Pin To Net: NetName=VCC_5V Pin=U6-3
Added Pin To Net: NetName=NetR37_1 Pin=U6-4
Added Pin To Net: NetName=NetR39_2 Pin=U6-5
Added Pin To Net: NetName=NetC45_2 Pin=U6-6
Added Pin To Net: NetName=PW1555_EN Pin=U6-7
Added Pin To Net: NetName=RBP_5V Pin=U6-8
Added Pin To Net: NetName=RBP_5V Pin=U6-9
Added Pin To Net: NetName=RBP_5V Pin=U6-10
Added Pin To Net: NetName=GND Pin=U6-11
Added Member To Class: ClassName=Boost Member=Component U4 TPS61088
Added Member To Class: ClassName=OVP_OCP Member=Component U6 PW1555
Added Room: Name=BatteryCharge
Added Room: Name=Boost
Added Room: Name=Connector
Added Room: Name=MCU
Added Room: Name=OVP_OCP
Added Room: Name=PowerDetective
